<?xml version="1.0" encoding="UTF-8"?>
<!-- Generated by org.testng.reporters.JUnitReportReporter -->
<testsuite skipped="0" hostname="Shiv" name="Robert.demo2" tests="1" failures="0" timestamp="05 Dec 2021 07:14:23 GMT" time="0.031" errors="0">
  <testcase name="test" time="0.031" classname="Robert.demo2"/>
</testsuite> <!-- Robert.demo2 -->
