<?xml version="1.0" encoding="UTF-8"?>
<!-- Generated by org.testng.reporters.JUnitReportReporter -->
<testsuite skipped="0" hostname="Shiv" name="Robert.demo1" tests="2" failures="0" timestamp="11 Dec 2021 03:26:32 GMT" time="0.052" errors="0">
  <testcase name="test2" time="0.016" classname="Robert.demo1"/>
  <testcase name="test1" time="0.036" classname="Robert.demo1"/>
</testsuite> <!-- Robert.demo1 -->
